[debug] [2025-07-14T03:47:58.023Z] ----------------------------------------------------------------------
[debug] [2025-07-14T03:47:58.027Z] Command:       C:\Program Files\nodejs\node.exe C:\Users\Ashes\AppData\Roaming\npm\node_modules\firebase-tools\lib\bin\firebase.js init hosting
[debug] [2025-07-14T03:47:58.028Z] CLI Version:   14.10.1
[debug] [2025-07-14T03:47:58.028Z] Platform:      win32
[debug] [2025-07-14T03:47:58.029Z] Node Version:  v20.12.0
[debug] [2025-07-14T03:47:58.029Z] Time:          Mon Jul 14 2025 09:17:58 GMT+0530 (India Standard Time)
[debug] [2025-07-14T03:47:58.029Z] ----------------------------------------------------------------------
[debug] 
[debug] [2025-07-14T03:47:58.373Z] > command requires scopes: ["email","openid","https://www.googleapis.com/auth/cloudplatformprojects.readonly","https://www.googleapis.com/auth/firebase","https://www.googleapis.com/auth/cloud-platform"]
[debug] [2025-07-14T03:47:58.374Z] > authorizing via signed-in user (dasashes9@gmail.com)
[info] 
     ######## #### ########  ######## ########     ###     ######  ########
     ##        ##  ##     ## ##       ##     ##  ##   ##  ##       ##
     ######    ##  ########  ######   ########  #########  ######  ######
     ##        ##  ##    ##  ##       ##     ## ##     ##       ## ##
     ##       #### ##     ## ######## ########  ##     ##  ######  ########

You're about to initialize a Firebase project in this directory:

  N:\Github\placemate

Before we get started, keep in mind:

  * You are initializing within an existing Firebase project directory

[debug] [2025-07-14T03:48:01.317Z] ExitPromptError: User force closed the prompt with SIGINT
    at Interface.sigint (C:\Users\Ashes\AppData\Roaming\npm\node_modules\firebase-tools\node_modules\@inquirer\core\dist\commonjs\lib\create-prompt.js:101:37)
    at Interface.emit (node:events:518:28)
    at Interface.emit (node:domain:488:12)
    at [_ttyWrite] [as _ttyWrite] (node:internal/readline/interface:1125:18)
    at ReadStream.onkeypress (node:internal/readline/interface:264:20)
    at ReadStream.emit (node:events:530:35)
    at ReadStream.emit (node:domain:488:12)
    at emitKeys (node:internal/readline/utils:371:14)
    at emitKeys.next (<anonymous>)
    at ReadStream.onData (node:internal/readline/emitKeypressEvents:64:36)
[error] 
[error] Error: An unexpected error has occurred.
